[    0.000000] Initializing cgroup subsys cpuset
[    0.000000] Initializing cgroup subsys cpu
[    0.000000] Initializing cgroup subsys cpuacct
[    0.000000] Linux version 4.4.0-72-generic (buildd@lcy01-17) (gcc version 5.4.0 20160609 (Ubuntu 5.4.0-6ubuntu1~16.04.4) ) #93-Ubuntu SMP Fri Mar 31 14:07:41 UTC 2017 (Ubuntu 4.4.0-72.93-generic 4.4.49)
[    0.000000] Command line: BOOT_IMAGE=/boot/vmlinuz-4.4.0-72-generic root=LABEL=cloudimg-rootfs ro console=tty1 console=ttyS0
[    0.000000] KERNEL supported cpus:
[    0.000000]   Intel GenuineIntel
[    0.000000]   AMD AuthenticAMD
[    0.000000]   Centaur CentaurHauls
[    0.000000] x86/fpu: xstate_offset[2]:  576, xstate_sizes[2]:  256
[    0.000000] x86/fpu: Supporting XSAVE feature 0x01: 'x87 floating point registers'
[    0.000000] x86/fpu: Supporting XSAVE feature 0x02: 'SSE registers'
[    0.000000] x86/fpu: Supporting XSAVE feature 0x04: 'AVX registers'
[    0.000000] x86/fpu: Enabled xstate features 0x7, context size is 832 bytes, using 'standard' format.
[    0.000000] x86/fpu: Using 'lazy' FPU context switches.
[    0.000000] e820: BIOS-provided physical RAM map:
[    0.000000] BIOS-e820: [mem 0x0000000000000000-0x000000000009fbff] usable
[    0.000000] BIOS-e820: [mem 0x000000000009fc00-0x000000000009ffff] reserved
[    0.000000] BIOS-e820: [mem 0x00000000000f0000-0x00000000000fffff] reserved
[    0.000000] BIOS-e820: [mem 0x0000000000100000-0x000000005dbeffff] usable
[    0.000000] BIOS-e820: [mem 0x000000005dbf0000-0x000000005dbfffff] ACPI data
[    0.000000] BIOS-e820: [mem 0x00000000fec00000-0x00000000fec00fff] reserved
[    0.000000] BIOS-e820: [mem 0x00000000fee00000-0x00000000fee00fff] reserved
[    0.000000] BIOS-e820: [mem 0x00000000fffc0000-0x00000000ffffffff] reserved
[    0.000000] NX (Execute Disable) protection: active
[    0.000000] SMBIOS 2.5 present.
[    0.000000] Hypervisor detected: KVM
[    0.000000] e820: last_pfn = 0x5dbf0 max_arch_pfn = 0x400000000
[    0.000000] MTRR: Disabled
[    0.000000] x86/PAT: MTRRs disabled, skipping PAT initialization too.
[    0.000000] x86/PAT: Configuration [0-7]: WB  WT  UC- UC  WB  WT  UC- UC  
[    0.000000] CPU MTRRs all blank - virtualized system.
[    0.000000] found SMP MP-table at [mem 0x0009fff0-0x0009ffff] mapped at [ffff88000009fff0]
[    0.000000] Scanning 1 areas for low memory corruption
[    0.000000] RAMDISK: [mem 0x36ac8000-0x3755bfff]
[    0.000000] ACPI: Early table checksum verification disabled
[    0.000000] ACPI: RSDP 0x00000000000E0000 000024 (v02 VBOX  )
[    0.000000] ACPI: XSDT 0x000000005DBF0030 00003C (v01 VBOX   VBOXXSDT 00000001 ASL  00000061)
[    0.000000] ACPI: FACP 0x000000005DBF00F0 0000F4 (v04 VBOX   VBOXFACP 00000001 ASL  00000061)
[    0.000000] ACPI: DSDT 0x000000005DBF0470 0021C8 (v02 VBOX   VBOXBIOS 00000002 INTL 20100528)
[    0.000000] ACPI: FACS 0x000000005DBF0200 000040
[    0.000000] ACPI: FACS 0x000000005DBF0200 000040
[    0.000000] ACPI: APIC 0x000000005DBF0240 00005C (v02 VBOX   VBOXAPIC 00000001 ASL  00000061)
[    0.000000] ACPI: SSDT 0x000000005DBF02A0 0001CC (v01 VBOX   VBOXCPUT 00000002 INTL 20100528)
[    0.000000] No NUMA configuration found
[    0.000000] Faking a node at [mem 0x0000000000000000-0x000000005dbeffff]
[    0.000000] NODE_DATA(0) allocated [mem 0x5dbeb000-0x5dbeffff]
[    0.000000] kvm-clock: Using msrs 4b564d01 and 4b564d00
[    0.000000] kvm-clock: cpu 0, msr 0:5dbe3001, primary cpu clock
[    0.000000] kvm-clock: using sched offset of 2964415781 cycles
[    0.000000] clocksource: kvm-clock: mask: 0xffffffffffffffff max_cycles: 0x1cd42e4dffb, max_idle_ns: 881590591483 ns
[    0.000000] Zone ranges:
[    0.000000]   DMA      [mem 0x0000000000001000-0x0000000000ffffff]
[    0.000000]   DMA32    [mem 0x0000000001000000-0x000000005dbeffff]
[    0.000000]   Normal   empty
[    0.000000]   Device   empty
[    0.000000] Movable zone start for each node
[    0.000000] Early memory node ranges
[    0.000000]   node   0: [mem 0x0000000000001000-0x000000000009efff]
[    0.000000]   node   0: [mem 0x0000000000100000-0x000000005dbeffff]
[    0.000000] Initmem setup node 0 [mem 0x0000000000001000-0x000000005dbeffff]
[    0.000000] ACPI: PM-Timer IO Port: 0x4008
[    0.000000] IOAPIC[0]: apic_id 2, version 32, address 0xfec00000, GSI 0-23
[    0.000000] ACPI: INT_SRC_OVR (bus 0 bus_irq 0 global_irq 2 dfl dfl)
[    0.000000] ACPI: INT_SRC_OVR (bus 0 bus_irq 9 global_irq 9 high level)
[    0.000000] Using ACPI (MADT) for SMP configuration information
[    0.000000] smpboot: Allowing 2 CPUs, 0 hotplug CPUs
[    0.000000] PM: Registered nosave memory: [mem 0x00000000-0x00000fff]
[    0.000000] PM: Registered nosave memory: [mem 0x0009f000-0x0009ffff]
[    0.000000] PM: Registered nosave memory: [mem 0x000a0000-0x000effff]
[    0.000000] PM: Registered nosave memory: [mem 0x000f0000-0x000fffff]
[    0.000000] e820: [mem 0x5dc00000-0xfebfffff] available for PCI devices
[    0.000000] Booting paravirtualized kernel on KVM
[    0.000000] clocksource: refined-jiffies: mask: 0xffffffff max_cycles: 0xffffffff, max_idle_ns: 7645519600211568 ns
[    0.000000] setup_percpu: NR_CPUS:512 nr_cpumask_bits:512 nr_cpu_ids:2 nr_node_ids:1
[    0.000000] PERCPU: Embedded 33 pages/cpu @ffff88005d800000 s98264 r8192 d28712 u1048576
[    0.000000] PV qspinlock hash table entries: 256 (order: 0, 4096 bytes)
[    0.000000] Built 1 zonelists in Node order, mobility grouping on.  Total pages: 377865
[    0.000000] Policy zone: DMA32
[    0.000000] Kernel command line: BOOT_IMAGE=/boot/vmlinuz-4.4.0-72-generic root=LABEL=cloudimg-rootfs ro console=tty1 console=ttyS0
[    0.000000] PID hash table entries: 4096 (order: 3, 32768 bytes)
[    0.000000] Memory: 1480980K/1535544K available (8452K kernel code, 1293K rwdata, 3976K rodata, 1484K init, 1316K bss, 54564K reserved, 0K cma-reserved)
[    0.000000] SLUB: HWalign=64, Order=0-3, MinObjects=0, CPUs=2, Nodes=1
[    0.000000] Hierarchical RCU implementation.
[    0.000000] 	Build-time adjustment of leaf fanout to 64.
[    0.000000] 	RCU restricting CPUs from NR_CPUS=512 to nr_cpu_ids=2.
[    0.000000] RCU: Adjusting geometry for rcu_fanout_leaf=64, nr_cpu_ids=2
[    0.000000] NR_IRQS:33024 nr_irqs:440 16
[    0.000000] Console: colour VGA+ 80x25
[    0.000000] console [tty1] enabled
[    0.000000] console [ttyS0] enabled
[    0.000000] tsc: Detected 2591.998 MHz processor
[   13.273137] Calibrating delay loop (skipped) preset value.. 5183.99 BogoMIPS (lpj=10367992)
[   13.478352] pid_max: default: 32768 minimum: 301
[   13.588979] ACPI: Core revision 20150930
[   13.661927] ACPI: 2 ACPI AML tables successfully acquired and loaded
[   13.696849] Security Framework initialized
[   13.697625] Yama: becoming mindful.
[   13.698335] AppArmor: AppArmor initialized
[   13.700624] Dentry cache hash table entries: 262144 (order: 9, 2097152 bytes)
[   13.853640] Inode-cache hash table entries: 131072 (order: 8, 1048576 bytes)
[   14.002358] Mount-cache hash table entries: 4096 (order: 3, 32768 bytes)
[   14.174625] Mountpoint-cache hash table entries: 4096 (order: 3, 32768 bytes)
[   14.314329] Initializing cgroup subsys io
[   14.410253] Initializing cgroup subsys memory
[   14.495129] Initializing cgroup subsys devices
[   14.588959] Initializing cgroup subsys freezer
[   14.689139] Initializing cgroup subsys net_cls
[   14.759609] Initializing cgroup subsys perf_event
[   14.796580] Initializing cgroup subsys net_prio
[   14.909201] Initializing cgroup subsys hugetlb
[   15.016193] Initializing cgroup subsys pids
[   15.114345] CPU: Physical Processor ID: 0
[   15.212631] CPU: Processor Core ID: 0
[   15.300956] mce: CPU supports 0 MCE banks
[   15.410587] Last level iTLB entries: 4KB 64, 2MB 8, 4MB 8
[   15.522356] Last level dTLB entries: 4KB 64, 2MB 0, 4MB 0, 1GB 4
[   15.674343] Freeing SMP alternatives memory: 32K (ffffffff820b8000 - ffffffff820c0000)
[   15.860991] ftrace: allocating 32111 entries in 126 pages
[   15.955043] smpboot: APIC(0) Converting physical 0 to logical package 0
[   16.119708] smpboot: Max logical packages: 1
[   16.204561] x2apic enabled
[   16.275003] Switched APIC routing to physical x2apic.
[   16.387943] ..TIMER: vector=0x30 apic1=0 pin1=2 apic2=-1 pin2=-1
[   16.619560] smpboot: CPU0: Intel(R) Core(TM) i7-6700HQ CPU @ 2.60GHz (family: 0x6, model: 0x5e, stepping: 0x3)
[   16.805619] Performance Events: unsupported p6 CPU model 94 no PMU driver, software events only.
[   16.948670] KVM setup paravirtual spinlock
[   16.989383] x86: Booting SMP configuration:
[   17.078397] .... node  #0, CPUs:      #1
[   17.154475] kvm-clock: cpu 1, msr 0:5dbe3041, secondary cpu clock
[   17.305057] mce: CPU supports 0 MCE banks
[   17.324932] x86: Booted up 1 node, 2 CPUs
[   17.381789] smpboot: Total of 2 processors activated (10367.99 BogoMIPS)
[   17.523416] devtmpfs: initialized
[   17.582852] evm: security.selinux
[   17.649584] evm: security.SMACK64
[   17.719378] evm: security.SMACK64EXEC
[   17.804856] evm: security.SMACK64TRANSMUTE
[   17.907401] evm: security.SMACK64MMAP
[   18.007918] evm: security.ima
[   18.056584] evm: security.capability
[   18.084197] clocksource: jiffies: mask: 0xffffffff max_cycles: 0xffffffff, max_idle_ns: 7645041785100000 ns
[   18.253302] pinctrl core: initialized pinctrl subsystem
[   18.359783] RTC time: 14:46:00, date: 04/16/17
[   18.478150] NET: Registered protocol family 16
[   18.594948] cpuidle: using governor ladder
[   18.702854] cpuidle: using governor menu
[   18.798830] PCCT header not found.
[   18.882798] ACPI: bus type PCI registered
[   18.998194] acpiphp: ACPI Hot Plug PCI Controller Driver version: 0.5
[   19.134687] PCI: Using configuration type 1 for base access
[   19.197849] ACPI: Added _OSI(Module Device)
[   19.283177] ACPI: Added _OSI(Processor Device)
[   19.388272] ACPI: Added _OSI(3.0 _SCP Extensions)
[   19.490708] ACPI: Added _OSI(Processor Aggregator Device)
[   19.616138] ACPI: Executed 1 blocks of module-level executable AML code
[   19.752427] ACPI: Interpreter enabled
[   19.814971] ACPI: (supports S0 S5)
[   19.908901] ACPI: Using IOAPIC for interrupt routing
[   20.027898] PCI: Using host bridge windows from ACPI; if necessary, use "pci=nocrs" and report a bug
[   20.226057] ACPI: PCI Root Bridge [PCI0] (domain 0000 [bus 00-ff])
[   20.273842] acpi PNP0A03:00: _OSC: OS supports [ASPM ClockPM Segments MSI]
[   20.398556] acpi PNP0A03:00: _OSC failed (AE_NOT_FOUND); disabling ASPM
[   20.528502] acpi PNP0A03:00: fail to add MMCONFIG information, can't access extended PCI configuration space under this bridge.
[   20.816815] PCI host bridge to bus 0000:00
[   20.905674] pci_bus 0000:00: root bus resource [io  0x0000-0x0cf7 window]
[   21.050723] pci_bus 0000:00: root bus resource [io  0x0d00-0xffff window]
[   21.211410] pci_bus 0000:00: root bus resource [mem 0x000a0000-0x000bffff window]
[   21.359027] pci_bus 0000:00: root bus resource [mem 0x5dc00000-0xffdfffff window]
[   21.455398] pci_bus 0000:00: root bus resource [bus 00-ff]
[   21.550809] pci 0000:00:01.1: legacy IDE quirk: reg 0x10: [io  0x01f0-0x01f7]
[   21.742445] pci 0000:00:01.1: legacy IDE quirk: reg 0x14: [io  0x03f6]
[   21.877253] pci 0000:00:01.1: legacy IDE quirk: reg 0x18: [io  0x0170-0x0177]
[   22.046747] pci 0000:00:01.1: legacy IDE quirk: reg 0x1c: [io  0x0376]
[   22.231138] pci 0000:00:07.0: quirk: [io  0x4000-0x403f] claimed by PIIX4 ACPI
[   22.410249] pci 0000:00:07.0: quirk: [io  0x4100-0x410f] claimed by PIIX4 SMB
[   22.535428] ACPI: PCI Interrupt Link [LNKA] (IRQs 5 9 10 *11)
[   22.605700] ACPI: PCI Interrupt Link [LNKB] (IRQs 5 9 10 *11)
[   22.696508] ACPI: PCI Interrupt Link [LNKC] (IRQs 5 9 *10 11)
[   22.826950] ACPI: PCI Interrupt Link [LNKD] (IRQs 5 *9 10 11)
[   22.952310] ACPI: Enabled 2 GPEs in block 00 to 07
[   23.049852] vgaarb: setting as boot device: PCI:0000:00:02.0
[   23.199736] vgaarb: device added: PCI:0000:00:02.0,decodes=io+mem,owns=io+mem,locks=none
[   23.400024] vgaarb: loaded
[   23.463651] vgaarb: bridge control possible 0000:00:02.0
[   23.539482] SCSI subsystem initialized
[   23.560172] ACPI: bus type USB registered
[   23.579537] usbcore: registered new interface driver usbfs
[   23.697870] usbcore: registered new interface driver hub
[   23.826513] usbcore: registered new device driver usb
[   23.955659] PCI: Using ACPI for IRQ routing
[   24.032103] NetLabel: Initializing
[   24.114926] NetLabel:  domain hash size = 128
[   24.230700] NetLabel:  protocols = UNLABELED CIPSOv4
[   24.338575] NetLabel:  unlabeled traffic allowed by default
[   24.462531] amd_nb: Cannot enumerate AMD northbridges
[   24.583575] clocksource: Switched to clocksource kvm-clock
[   24.677043] AppArmor: AppArmor Filesystem Enabled
[   24.733879] pnp: PnP ACPI init
[   24.819719] pnp: PnP ACPI: found 3 devices
[   24.948738] clocksource: acpi_pm: mask: 0xffffff max_cycles: 0xffffff, max_idle_ns: 2085701024 ns
[   25.208696] NET: Registered protocol family 2
[   25.327541] TCP established hash table entries: 16384 (order: 5, 131072 bytes)
[   25.525772] TCP bind hash table entries: 16384 (order: 6, 262144 bytes)
[   25.703341] TCP: Hash tables configured (established 16384 bind 16384)
[   25.850673] UDP hash table entries: 1024 (order: 3, 32768 bytes)
[   26.021504] UDP-Lite hash table entries: 1024 (order: 3, 32768 bytes)
[   26.199977] NET: Registered protocol family 1
[   26.317847] pci 0000:00:00.0: Limiting direct PCI/PCI transfers
[   26.481945] pci 0000:00:01.0: Activating ISA DMA hang workarounds
[   26.586101] Unpacking initramfs...
[   28.384605] Freeing initrd memory: 10832K (ffff880036ac8000 - ffff88003755c000)
[   28.599994] platform rtc_cmos: registered platform RTC device (no PNP device found)
[   28.809632] Scanning for low memory corruption every 60 seconds
[   28.981798] futex hash table entries: 512 (order: 3, 32768 bytes)
[   29.015875] audit: initializing netlink subsys (disabled)
[   29.048064] audit: type=2000 audit(1492353952.125:1): initialized
[   29.123426] Initialise system trusted keyring
[   29.221805] HugeTLB registered 2 MB page size, pre-allocated 0 pages
[   29.390139] zbud: loaded
[   29.459138] VFS: Disk quotas dquot_6.6.0
[   29.561309] VFS: Dquot-cache hash table entries: 512 (order 0, 4096 bytes)
[   29.760795] tsc: Refined TSC clocksource calibration: 2591.236 MHz
[   29.929798] clocksource: tsc: mask: 0xffffffffffffffff max_cycles: 0x2559e4d938a, max_idle_ns: 440795202126 ns
[   29.930123] squashfs: version 4.0 (2009/01/31) Phillip Lougher
[   29.930328] fuse init (API version 7.23)
[   29.930430] Key type big_key registered
[   29.930444] Allocating IMA MOK and blacklist keyrings.
[   29.930605] Key type asymmetric registered
[   29.930609] Asymmetric key parser 'x509' registered
[   29.930637] Block layer SCSI generic (bsg) driver version 0.4 loaded (major 249)
[   29.930659] io scheduler noop registered
[   29.930661] io scheduler deadline registered (default)
[   29.930684] io scheduler cfq registered
[   29.930775] pci_hotplug: PCI Hot Plug PCI Core version: 0.5
[   29.930779] pciehp: PCI Express Hot Plug Controller Driver version: 0.4
[   29.931062] ACPI: AC Adapter [AC] (on-line)
[   29.931105] input: Power Button as /devices/LNXSYSTM:00/LNXPWRBN:00/input/input0
[   29.931107] ACPI: Power Button [PWRF]
[   29.931166] input: Sleep Button as /devices/LNXSYSTM:00/LNXSLPBN:00/input/input1
[   29.931167] ACPI: Sleep Button [SLPF]
[   29.931285] GHES: HEST is not enabled!
[   29.932293] ACPI: Battery Slot [BAT0] (battery present)
[   29.932333] Serial: 8250/16550 driver, 32 ports, IRQ sharing enabled
[   30.191066] 00:02: ttyS0 at I/O 0x3f8 (irq = 4, base_baud = 115200) is a 16550A
[   30.351123] Linux agpgart interface v0.103
[   30.472801] loop: module loaded
[   30.473244] scsi host0: ata_piix
[   30.473287] scsi host1: ata_piix
[   30.473312] ata1: PATA max UDMA/33 cmd 0x1f0 ctl 0x3f6 bmdma 0xd000 irq 14
[   30.473313] ata2: PATA max UDMA/33 cmd 0x170 ctl 0x376 bmdma 0xd008 irq 15
[   30.473370] libphy: Fixed MDIO Bus: probed
[   30.473372] tun: Universal TUN/TAP device driver, 1.6
[   30.473372] tun: (C) 1999-2004 Max Krasnyansky <maxk@qualcomm.com>
[   30.473628] PPP generic driver version 2.4.2
[   30.473672] ehci_hcd: USB 2.0 'Enhanced' Host Controller (EHCI) Driver
[   30.473675] ehci-pci: EHCI PCI platform driver
[   30.473687] ehci-platform: EHCI generic platform driver
[   30.473694] ohci_hcd: USB 1.1 'Open' Host Controller (OHCI) Driver
[   30.473696] ohci-pci: OHCI PCI platform driver
[   30.473702] ohci-platform: OHCI generic platform driver
[   30.473709] uhci_hcd: USB Universal Host Controller Interface driver
[   30.473754] i8042: PNP: PS/2 Controller [PNP0303:PS2K,PNP0f03:PS2M] at 0x60,0x64 irq 1,12
[   30.547441] serio: i8042 KBD port at 0x60,0x64 irq 1
[   30.547448] serio: i8042 AUX port at 0x60,0x64 irq 12
[   30.547589] mousedev: PS/2 mouse device common for all mice
[   30.547929] rtc_cmos rtc_cmos: rtc core: registered rtc_cmos as rtc0
[   30.547978] rtc_cmos rtc_cmos: alarms up to one day, 114 bytes nvram
[   30.547984] i2c /dev entries driver
[   30.548034] device-mapper: uevent: version 1.0.3
[   30.548078] device-mapper: ioctl: 4.34.0-ioctl (2015-10-28) initialised: dm-devel@redhat.com
[   30.548097] ledtrig-cpu: registered to indicate activity on CPUs
[   30.548320] NET: Registered protocol family 10
[   30.548441] NET: Registered protocol family 17
[   30.548451] Key type dns_resolver registered
[   30.721491] microcode: CPU0 sig=0x506e3, pf=0x2, revision=0x0
[   30.721561] microcode: CPU1 sig=0x506e3, pf=0x2, revision=0x0
[   30.721649] microcode: Microcode Update Driver: v2.01 <tigran@aivazian.fsnet.co.uk>, Peter Oruba
[   30.721812] registered taskstats version 1
[   30.721823] Loading compiled-in X.509 certificates
[   30.722384] Loaded X.509 cert 'Build time autogenerated kernel key: 04ae903e4643330d1fe41947e79c28b436494994'
[   30.722403] zswap: loaded using pool lzo/zbud
[   30.723903] Key type trusted registered
[   30.726033] Key type encrypted registered
[   30.726037] AppArmor: AppArmor sha1 policy hashing enabled
[   30.726039] ima: No TPM chip found, activating TPM-bypass!
[   30.726054] evm: HMAC attrs: 0x1
[   30.726311]   Magic number: 13:908:788
[   30.828336] rtc_cmos rtc_cmos: setting system clock to 2017-04-16 14:46:12 UTC (1492353972)
[   30.828464] BIOS EDD facility v0.16 2004-Jun-25, 0 devices found
[   30.828464] EDD information not available.
[   31.264172] input: AT Translated Set 2 keyboard as /devices/platform/i8042/serio0/input/input2
[   37.398103] Freeing unused kernel memory: 1484K (ffffffff81f45000 - ffffffff820b8000)
[   37.520408] Write protecting the kernel read-only data: 14336k
[   37.638406] Freeing unused kernel memory: 1776K (ffff880001844000 - ffff880001a00000)
[   37.779341] Freeing unused kernel memory: 120K (ffff880001de2000 - ffff880001e00000)
Loading, please wait...
starting version[   37.838438] random: systemd-udevd: uninitialized urandom read (16 bytes read, 7 bits of entropy available)
 229
[   37.839138] random: udevadm: uninitialized urandom read (16 bytes read, 7 bits of entropy available)
[   37.839172] random: udevadm: uninitialized urandom read (16 bytes read, 7 bits of entropy available)
[   37.839294] random: udevadm: uninitialized urandom read (16 bytes read, 7 bits of entropy available)
[   37.839333] random: udevadm: uninitialized urandom read (16 bytes read, 7 bits of entropy available)
[   37.839366] random: udevadm: uninitialized urandom read (16 bytes read, 7 bits of entropy available)
[   37.839399] random: udevadm: uninitialized urandom read (16 bytes read, 7 bits of entropy available)
[   37.839442] random: udevadm: uninitialized urandom read (16 bytes read, 7 bits of entropy available)
[   37.839472] random: udevadm: uninitialized urandom read (16 bytes read, 7 bits of entropy available)
[   37.839506] random: udevadm: uninitialized urandom read (16 bytes read, 7 bits of entropy available)
[   39.188228] e1000: Intel(R) PRO/1000 Network Driver - version 7.3.21-k8-NAPI
[   39.289275] e1000: Copyright (c) 1999-2006 Intel Corporation.
[   39.471016] Fusion MPT base driver 3.04.20
[   39.597622] Copyright (c) 1999-2008 LSI Corporation
[   39.726654] input: ImExPS/2 Generic Explorer Mouse as /devices/platform/i8042/serio1/input/input4
[   40.014163] Fusion MPT SPI Host driver 3.04.20
[   40.054066] AVX version of gcm_enc/dec engaged.
[   40.064867] AES CTR mode by8 optimization enabled
[   40.289449] e1000 0000:00:03.0 eth0: (PCI:33MHz:32-bit) 02:9c:9d:15:a0:80
[   40.424554] e1000 0000:00:03.0 eth0: Intel(R) PRO/1000 Network Connection
[   40.932237] e1000 0000:00:08.0 eth1: (PCI:33MHz:32-bit) 08:00:27:b1:11:74
[   41.094134] e1000 0000:00:08.0 eth1: Intel(R) PRO/1000 Network Connection
[   41.165574] e1000 0000:00:03.0 enp0s3: renamed from eth0
[   41.264163] mptbase: ioc0: Initiating bringup
[   41.356327] e1000 0000:00:08.0 enp0s8: renamed from eth1
[   41.548377] ioc0: LSI53C1030 A0: Capabilities={Initiator}
[   41.833962] scsi host2: ioc0: LSI53C1030 A0, FwRev=00000000h, Ports=1, MaxQ=256, IRQ=20
[   42.144654] scsi 2:0:0:0: Direct-Access     VBOX     HARDDISK         1.0  PQ: 0 ANSI: 5
[   42.223614] scsi target2:0:0: Beginning Domain Validation
[   42.238047] scsi target2:0:0: Domain Validation skipping write tests
[   42.262203] scsi target2:0:0: Ending Domain Validation
[   42.369556] scsi target2:0:0: asynchronous
[   42.467985] scsi 2:0:1:0: Direct-Access     VBOX     HARDDISK         1.0  PQ: 0 ANSI: 5
[   42.615436] scsi target2:0:1: Beginning Domain Validation
[   42.755782] floppy0: no floppy controllers found
[   42.820571] scsi target2:0:1: Domain Validation skipping write tests
[   42.896862] scsi target2:0:1: Ending Domain Validation
[   42.951858] scsi target2:0:1: asynchronous
[   43.003135] sd 2:0:0:0: [sda] 20971520 512-byte logical blocks: (10.7 GB/10.0 GiB)
[   43.003417] sd 2:0:0:0: Attached scsi generic sg0 type 0
[   43.021925] sd 2:0:1:0: [sdb] 20480 512-byte logical blocks: (10.5 MB/10.0 MiB)
[   43.022080] sd 2:0:1:0: Attached scsi generic sg1 type 0
[   43.213104] sd 2:0:0:0: [sda] Write Protect is off
[   43.308280] sd 2:0:1:0: [sdb] Write Protect is off
[   43.308397] sd 2:0:0:0: [sda] Incomplete mode parameter data
[   43.308399] sd 2:0:0:0: [sda] Assuming drive cache: write through
[   43.309240]  sda: sda1
[   43.309893] sd 2:0:0:0: [sda] Attached SCSI disk
[   43.371062] sd 2:0:1:0: [sdb] Incomplete mode parameter data
[   43.440437] sd 2:0:1:0: [sdb] Assuming drive cache: write through
[   43.547942] sd 2:0:1:0: [sdb] Attached SCSI disk
Begin: Loading e[   44.978479] md: linear personality registered for level -1
ssential drivers ... [   45.098975] md: multipath personality registered for level -4
[   45.288942] md: raid0 personality registered for level 0
[   45.408588] md: raid1 personality registered for level 1
[   45.543642] raid6: sse2x1   gen()  6993 MB/s
[   45.615699] raid6: sse2x1   xor()  5059 MB/s
[   45.771878] raid6: sse2x2   gen()  9936 MB/s
[   45.952154] raid6: sse2x2   xor()  6989 MB/s
[   46.083710] raid6: sse2x4   gen() 11638 MB/s
[   46.299919] raid6: sse2x4   xor()  7708 MB/s
[   46.420484] raid6: using algorithm sse2x4 gen() 11638 MB/s
[   46.562103] raid6: .... xor() 7708 MB/s, rmw enabled
[   46.634241] raid6: using ssse3x2 recovery algorithm
[   46.652502] xor: automatically using best checksumming function:
[   46.783613]    avx       : 19078.000 MB/sec
[   46.890924] async_tx: api initialized (async)
[   46.997218] md: raid6 personality registered for level 6
[   47.178745] md: raid5 personality registered for level 5
[   47.305357] md: raid4 personality registered for level 4
[   47.456871] md: raid10 personality registered for level 10
done.
Begin: Running /scripts/init-premount ... done[   47.535184] Btrfs loaded
.
Begin: Mounting root file system ... Begin: R[   47.624267] EXT4-fs (sda1): mounted filesystem with ordered data mode. Opts: (null)
unning /scripts/local-top ... done.
Begin: Running /scripts/local-premount ... Scanning for Btrfs filesystems
done.
Warning: fsck not present, so skipping root file system
done.
Begin: Running /scripts/local-bottom ... done.
Begin: Running /scripts/init-bottom ... done.
[   47.803353] systemd[1]: systemd 229 running in system mode. (+PAM +AUDIT +SELINUX +IMA +APPARMOR +SMACK +SYSVINIT +UTMP +LIBCRYPTSETUP +GCRYPT +GNUTLS +ACL +XZ -LZ4 +SECCOMP +BLKID +ELFUTILS +KMOD -IDN)
[   48.235919] systemd[1]: Detected virtualization oracle.
[   48.390615] systemd[1]: Detected architecture x86-64.

Welcome to [1mUbuntu 16.04.2 LTS[0m!

[   48.572206] systemd[1]: Set hostname to <ubuntu>.
[   48.695545] systemd[1]: Initializing machine ID from random generator.
[   48.830738] systemd[1]: Installed transient /etc/machine-id file.
[   48.905215] random: nonblocking pool is initialized
[   48.953835] systemd[1]: Reached target Encrypted Volumes.
[[0;32m  OK  [0m] Reached target Encrypted Volumes.
[   49.111996] systemd[1]: Listening on Syslog Socket.
[[0;32m  OK  [0m] Listening on Syslog Socket.
[   49.280226] systemd[1]: Listening on Journal Audit Socket.
[[0;32m  OK  [0m] Listening on Journal Audit Socket.
[   49.484089] systemd[1]: Listening on LVM2 poll daemon socket.
[[0;32m  OK  [0m] Listening on LVM2 poll daemon socket.
[   49.700247] systemd[1]: Listening on udev Kernel Socket.
[[0;32m  OK  [0m] Listening on udev Kernel Socket.
[   49.904359] systemd[1]: Set up automount Arbitrary Executable File Formats File System Automount Point.
[[0;32m  OK  [0m] Set up automount Arbitrary Executab...ats File System Automount Point.
[   50.252262] systemd[1]: Listening on /dev/initctl Compatibility Named Pipe.
[[0;32m  OK  [0m] Listening on /dev/initctl Compatibility Named Pipe.
[   50.509353] systemd[1]: Created slice System Slice.
[[0;32m  OK  [0m] Created slice System Slice.
[   50.668259] systemd[1]: Listening on Device-mapper event daemon FIFOs.
[[0;32m  OK  [0m] Listening on Device-mapper event daemon FIFOs.
[   50.924260] systemd[1]: Created slice User and Session Slice.
[[0;32m  OK  [0m] Created slice User and Session Slice.
[   51.103830] systemd[1]: Reached target Slices.
[[0;32m  OK  [0m] Reached target Slices.
[   51.243885] systemd[1]: Reached target User and Group Name Lookups.
[[0;32m  OK  [0m] Reached target User and Group Name Lookups.
[   51.408085] systemd[1]: Listening on Journal Socket.
[[0;32m  OK  [0m] Listening on Journal Socket.
[   51.584259] systemd[1]: Starting Remount Root and Kernel File Systems...
         [   51.734841] EXT4-fs (sda1): re-mounted. Opts: (null)
Starting Remount Root and Kernel File Systems...
[   51.916150] systemd[1]: Mounting Huge Pages File System...
         Mounting Huge Pages File System...
[   52.103809] systemd[1]: Starting Set console keymap...
         Starting Set console keymap...
[   52.212134] systemd[1]: Starting Load Kernel Modules...
         Startin[   52.333222] Loading iSCSI transport class v2.0-870.
g Load Kernel Mo[   52.508992] iscsi: registered transport (tcp)
dules...
[   52.647351] iscsi: registered transport (iser)
[   52.679841] systemd[1]: Mounting POSIX Message Queue File System...
         Mounting POSIX Message Queue File System...
[   52.848318] systemd[1]: Starting Uncomplicated firewall...
         Starting Uncomplicated firewall...
[   53.016021] systemd[1]: Starting Nameserver information manager...
         Starting Nameserver information manager...
[   53.227993] systemd[1]: Listening on udev Control Socket.
[[0;32m  OK  [0m] Listening on udev Control Socket.
[   53.392053] systemd[1]: Started Forward Password Requests to Wall Directory Watch.
[[0;32m  OK  [0m] Started Forward Password Requests to Wall Directory Watch.
[   53.680262] systemd[1]: Starting Create list of required static device nodes for the current kernel...
         Starting Create list of required st... nodes for the current kernel...
[   53.956062] systemd[1]: Reached target Swap.
[[0;32m  OK  [0m] Reached target Swap.
[   54.116287] systemd[1]: Listening on LVM2 metadata daemon socket.
[[0;32m  OK  [0m] Listening on LVM2 metadata daemon socket.
[   54.344049] systemd[1]: Starting Monitoring of LVM2 mirrors, snapshots etc. using dmeventd or progress polling...
         Starting Monitoring of LVM2 mirrors... dmeventd or progress polling...
[   54.540089] systemd[1]: Mounting Debug File System...
         Mounting Debug File System...
[   54.691974] systemd[1]: Listening on Journal Socket (/dev/log).
[[0;32m  OK  [0m] Listening on Journal Socket (/dev/log).
[   54.916428] systemd[1]: Starting Journal Service...
         Starting Journal Service...
[   55.072338] systemd[1]: Created slice system-serial\x2dgetty.slice.
[[0;32m  OK  [0m] Created slice system-serial\x2dgetty.slice.
[   55.316802] systemd[1]: Mounted Debug File System.
[[0;32m  OK  [0m] Mounted Debug File System.
[   55.472128] systemd[1]: Mounted Huge Pages File System.
[[0;32m  OK  [0m] Mounted Huge Pages File System.
[   55.636331] systemd[1]: Mounted POSIX Message Queue File System.
[[0;32m  OK  [0m] Mounted POSIX Message Queue File System.
[   55.828338] systemd[1]: Started Journal Service.
[[0;32m  OK  [0m] Started Journal Service.
[[0;32m  OK  [0m] Started Remount Root and Kernel File Systems.
[[0;32m  OK  [0m] Started Set console keymap.
[[0;32m  OK  [0m] Started Load Kernel Modules.
[[0;32m  OK  [0m] Started Uncomplicated firewall.
[[0;32m  OK  [0m] Started Create list of required sta...ce nodes for the current kernel.
[[0;32m  OK  [0m] Started Nameserver information manager.
[[0;32m  OK  [0m] Started LVM2 metadata daemon.
         Starting Create Static Device Nodes in /dev...
         Starting Apply Kernel Variables...
         Mounting FUSE Control File System...
         Starting Load/Save Random Seed...
         Starting Initial cloud-init job (pre-networking)...
         Starting udev Coldplug all Devices...
         Starting Flush Journal to Persistent Storage...
[[0;32m  OK  [0m] Mounted FUSE Control File System.
[[0;32m  OK  [0m] Started Monitoring of LVM2 mirrors,...ng dmeventd or progress polling.
[[0;32m  OK  [0m] Started Create Static Device Nodes in /dev.
[[0;32m  OK  [0m] Started Apply Kernel Variables.
[[0;32m  OK  [0m] Started Load/Save Random Seed.
[[0;32m  OK  [0m] Started udev Coldplug all Devices.
[[0;32m  OK  [0m] Started Flush Journal to Persistent Storage.
         Starting udev Kernel Device Manager...
[[0;32m  OK  [0m] Started udev Kernel Device Manager.
[[0;32m  OK  [0m] Reached target Local File Systems (Pre).
[[0;32m  OK  [0m] Reached target Local File Systems.
[   33.483845] cloud-init[451]: Cloud-init v. 0.7.9 running 'init-local' at Sun, 16 Apr 2017 14:46:38 +0000. Up 33.26 seconds.
         Starting Create Volatile Files and Directories...
         Starting Tell Plymouth To Write Out Runtime Data...
         Starting Commit a transient machine-id on disk...
         Starting Set console font and keymap...
         Starting LSB: AppArmor initialization...
[[0;32m  OK  [0m] Started Dispatch Password Requests to Console Directory Watch.
[[0;32m  OK  [0m] Started Create Volatile Files and Directories.
[[0;32m  OK  [0m] Started Tell Plymouth To Write Out Runtime Data.
[[0;32m  OK  [0m] Started Commit a transient machine-id on disk.
[[0;32m  OK  [0m] Started Set console font and keymap.
[[0;32m  OK  [0m] Started Initial cloud-init job (pre-networking).
[[0;32m  OK  [0m] Found device /dev/ttyS0.
[[0;32m  OK  [0m] Listening on Load/Save RF Kill Switch Status /dev/rfkill Watch.
[[0;32m  OK  [0m] Reached target Network (Pre).
[[0;32m  OK  [0m] Created slice system-getty.slice.
         Starting Update UTMP about System Boot/Shutdown...
[[0;32m  OK  [0m] Reached target System Time Synchronized.
[[0;32m  OK  [0m] Started Update UTMP about System Boot/Shutdown.
[[0;32m  OK  [0m] Started LSB: AppArmor initialization.
[[0;32m  OK  [0m] Started ifup for enp0s3.
         Starting Raise network interfaces...
[[0;32m  OK  [0m] Started Raise network interfaces.
         Starting Initial cloud-init job (metadata service crawler)...
[[0;32m  OK  [0m] Reached target Network.
[   37.359556] cloud-init[960]: Cloud-init v. 0.7.9 running 'init' at Sun, 16 Apr 2017 14:46:42 +0000. Up 36.94 seconds.
[   37.445084] cloud-init[960]: ci-info: ++++++++++++++++++++++++++++++++++++++Net device info++++++++++++++++++++++++++++++++++++++
[   37.445574] cloud-init[960]: ci-info: +--------+-------+----------------------------+---------------+-------+-------------------+
[[0;32m  OK  [0m] Started Initial cloud-init job (metadata service crawler).
[   37.445770] cloud-init[960]: ci-info: | Device |   Up  |          Address           |      Mask     | Scope |     Hw-Address    |
[   37.828791] cloud-init[960]: ci-info: +--------+-------+----------------------------+---------------+-------+-------------------+
[   37.829139] cloud-init[960]: ci-info: | enp0s8 | False |             .              |       .       |   .   | 08:00:27:b1:11:74 |
[[0;32m  OK  [0m] Reached target Network is Online.
[   37.829334] cloud-init[960]: ci-info: | enp0s3 |  True |         10.0.2.15          | 255.255.255.0 |   .   | 02:9c:9d:15:a0:80 |
[   38.208504] cloud-init[960]: ci-info: | enp0s3 |  True | fe80::9c:9dff:fe15:a080/64 |       .       |  link | 02:9c:9d:15:a0:80 |
[   38.208951] cloud-init[960]: ci-info: |   lo   |  True |         127.0.0.1          |   255.0.0.0   |   .   |         .         |
         Starting iSCSI initiator daemon (iscsid)...
[[   38.209085] cloud-init[960]: ci-info: |   lo   |  True |          ::1/128           |       .       |  host |         .         |
[   38.449159] cloud-init[960]: ci-info: +--------+-------+----------------------------+---------------+-------+-------------------+
[0;32m  OK  [0m] Reached target Cloud-config availability.
[[   38.449255] cloud-init[960]: ci-info: +++++++++++++++++++++++++++Route IPv4 info++++++++++++++++++++++++++++
[   38.721031] cloud-init[960]: ci-info: +-------+-------------+----------+---------------+-----------+-------+
[0;32m  OK  [0m] Reached target System Initialization.
[[   38.721133] cloud-init[960]: ci-info: | Route | Destination | Gateway  |    Genmask    | Interface | Flags |
[   38.973335] cloud-init[960]: ci-info: +-------+-------------+----------+---------------+-----------+-------+
[0;32m  OK  [0m] Started Trigger resolvconf update for networkd DNS.
[[   38.973410] cloud-init[960]: ci-info: |   0   |   0.0.0.0   | 10.0.2.2 |    0.0.0.0    |   enp0s3  |   UG  |
[   39.261049] cloud-init[960]: ci-info: |   1   |   10.0.2.0  | 0.0.0.0  | 255.255.255.0 |   enp0s3  |   U   |
[0;32m  OK  [0m] Started Daily apt activities.
[   39.261207] cloud-init[960]: ci-info: +-------+-------------+----------+---------------+-----------+-------+
[   39.538441] cloud-init[960]: Generating public/private rsa key pair.
[   39.538780] cloud-init[960]: Your identification has been saved in /etc/ssh/ssh_host_rsa_key.
         Starting LXD - unix socket.
[   39.538932] cloud-init[960]: Your public key has been saved in /etc/ssh/ssh_host_rsa_key.pub.
[   39.796778] cloud-init[960]: The key fingerprint is:
[   39.797194] cloud-init[960]: SHA256:BGE1r/WuE2kIom7NYUYo3kwDCitvg8xYd1taLwTr/Jw root@ubuntu-xenial
[[0;32m  OK  [0m] Started ACPI Events Check.
[   39.797365] cloud-init[960]: The key's randomart image is:
[   39.965237] cloud-init[960]: +---[RSA 2048]----+
[[0;32m  OK  [0m] Reached target Paths.
[[   39.965336] cloud-init[960]: |      +oo        |
[   40.097801] cloud-init[960]: |..   ... o       |
[0;32m  OK  [0m] Listening on UUID daemon activation socket.
[   40.097937] cloud-init[960]: |o...   o. o      |
[[0;32m  OK  [0m] Listening on D-Bus System Message Bus Socket.
[[   40.250094] cloud-init[960]: |= oo+ +.+o .     |
[   40.357258] cloud-init[960]: |*=++.= BSo ..    |
[0;32m  OK  [0m] Started Timer to automatically refresh installed snaps.
[   40.357469] cloud-init[960]: |o+=o+ = o =.     |
[[0;32m  OK  [0m] Started Daily Cleanup of Temporary Directories.
[[   40.525037] cloud-init[960]: | o * . o + ..    |
[   40.564722] cloud-init[960]: |  o o   E ..     |
[0;32m  OK  [0m] Reached target Timers.
[   40.564835] cloud-init[960]: | .        ..     |
[   40.740619] cloud-init[960]: +----[SHA256]-----+
[   40.740937] cloud-init[960]: Generating public/private dsa key pair.
         Starting Socket activation for snappy daemon.
[   40.741073] cloud-init[960]: Your identification has been saved in /etc/ssh/ssh_host_dsa_key.
[   40.920922] cloud-init[960]: Your public key has been saved in /etc/ssh/ssh_host_dsa_key.pub.
[[0;32m  OK  [0m] Listening on ACPID Listen Socket.
[   40.921023] cloud-init[960]: The key fingerprint is:
[   41.204418] cloud-init[960]: SHA256:NiNoEXHQBLz2fZPLmFjnAwBS9rstZDhhik/IZ/kNli8 root@ubuntu-xenial
[   41.204995] cloud-init[960]: The key's randomart image is:
[[0;32m  OK  [0m] Listening on LXD - unix socket.
[[   41.205186] cloud-init[960]: +---[DSA 1024]----+
[   41.409374] cloud-init[960]: |   oB*o          |
[0;32m  OK  [0m] Listening on Socket activation for snappy daemon.
[   41.409467] cloud-init[960]: |  ..o+.          |
[   41.492705] cloud-init[960]: |   .+o.          |
[[0;32m  OK  [0m] Started iSCSI initiator daemon (iscsid).
[   41.492835] cloud-init[960]: |.o o+=o.         |
[   41.604423] cloud-init[960]: |o.o====oS  .     |
[   41.604754] cloud-init[960]: | oo.o+==+o=      |
         Starting Login to default iSCSI targets...
[   41.604880] cloud-init[960]: |  .  Eo=.O o     |
[   41.680812] cloud-init[960]: |      o.o =      |
[[0;32m  OK  [0m] Reached target Sockets.
[[   41.680935] cloud-init[960]: |           .     |
[   41.732722] cloud-init[960]: +----[SHA256]-----+
[0;32m  OK  [0m] Reached target Basic System.
[   41.732829] cloud-init[960]: Generating public/private ecdsa key pair.
[   41.856319] cloud-init[960]: Your identification has been saved in /etc/ssh/ssh_host_ecdsa_key.
[   41.856649] cloud-init[960]: Your public key has been saved in /etc/ssh/ssh_host_ecdsa_key.pub.
[[0;32m  OK  [0m] Started Deferred execution scheduler.
[   41.856863] cloud-init[960]: The key fingerprint is:
[   41.978172] cloud-init[960]: SHA256:MjNLepmjzhP6+9NtH1oNMaopa6dKNr6iuV8dvDLOnag root@ubuntu-xenial
[   41.987446] cloud-init[960]: The key's randomart image is:
[   41.987688] cloud-init[960]: +---[ECDSA 256]---+
         Starting LXD - container startup/shutdown...
[   41.987814] cloud-init[960]: |                 |
         Starting /etc/rc.local Compatibility...
[[0;32m  OK  [0m] Started D-Bus System Message Bus.
[   41.994910] cloud-init[960]: |                 |
[   42.048254] cloud-init[960]: |            o    |
[[0;32m  OK  [0m] Started Regular background program processing daemon.
[   42.072584] cloud-init[960]: |     .     . o   |
[   42.144651] cloud-init[960]: |      O S . .    |
[   42.176653] cloud-init[960]: |    .+ @ o   o   |
[   42.176959] [[0;32m  OK  [0m] Started ACPI event daemon.
cloud-init[960]: |   .O.X.o.  o .  |
[   42.232447] cloud-init[960]: | .oO.Oo=o oo .   |
[   42.232769] cloud-init[960]: |++E=&B*+ ....    |
         Starting Pollinate to seed the pseudo random number generator...
[   42.233071] cloud-init[960]: +----[SHA256]-----+
[   42.360285] cloud-init[960]: Generating public/private ed25519 key pair.
[   42.360569] cloud-init[960]: Your identification has been saved in /etc/ssh/ssh_host_ed25519_key.
         Starting LSB: MD monitoring daemon...
[   42.360742] cloud-init[960]: Your public key has been saved in /etc/ssh/ssh_host_ed25519_key.pub.
[   42.468551] cloud-init[960]: The key fingerprint is:
[   42.468833] cloud-init[960]: SHA256:yu78FWAN2WkPVnLgslQWD2AP389BaKU7jXSd+OLUJfk root@ubuntu-xenial
         Starting Login Service...
[   42.468961] cloud-init[960]: The key's randomart image is:
[   42.612299] cloud-init[960]: +--[ED25519 256]--+
[   42.612722] cloud-init[960]: |        =+B=ooo  |
         Starting System Logging Service...
[   42.612978] cloud-init[960]: |       ..X**oo.o.|
[   42.700346] cloud-init[960]: |        =o=+=.=.o|
[   42.700717] cloud-init[960]: |       o + ..Bo+.|
         Starting Apply the settings specified in cloud-config...
[   42.700820] cloud-init[960]: |        S . +o+oE|
[   42.800355] cloud-init[960]: |     . .   .o..  |
[   42.800738] cloud-init[960]: |      o   .  .   |
         Starting LSB: Record successful boot for GRUB...
[   42.800928] cloud-init[960]: |     o   .       |
[   42.820492] cloud-init[960]: |     .+..        |
[   42.820778] cloud-init[960]: +----[SHA256]-----+
[[0;32m  OK  [0m] Started FUSE filesystem for LXC.
         Starting Accounts Service...
[[0;32m  OK  [0m] Started Snappy daemon.
         Starting Auto import assertions from block devices...
[[0;32m  OK  [0m] Started System Logging Service.
[[0;32m  OK  [0m] Started LXD - container startup/shutdown.
[[0;32m  OK  [0m] Started /etc/rc.local Compatibility.
[[0;32m  OK  [0m] Started Auto import assertions from block devices.
[   43.174357] cloud-init[1124]: Generating locales (this might take a while)...
[[0;32m  OK  [0m] Started Login to default iSCSI targets.
[[0;32m  OK  [0m] Started LSB: MD monitoring daemon.
[[0;32m  OK  [0m] Started LSB: Record successful boot for GRUB.
[[0;32m  OK  [0m] Started Login Service.
         Starting Authenticate and Authorize Users to Run Privileged Tasks...
[[0;32m  OK  [0m] Reached target Remote File Systems (Pre).
[[0;32m  OK  [0m] Reached target Remote File Systems.
         Starting LSB: Set the CPU Frequency Scaling governor to "ondemand"...
         Starting LSB: daemon to balance interrupts for SMP systems...
         Starting Permit User Sessions...
         Starting LSB: VirtualBox Linux Additions...
         Starting LSB: automatic crash report generation...
[[0;32m  OK  [0m] Started Permit User Sessions.
[[0;32m  OK  [0m] Started Authenticate and Authorize Users to Run Privileged Tasks.
[[0;32m  OK  [0m] Started Accounts Service.
[[0;32m  OK  [0m] Started LSB: Set the CPU Frequency Scaling governor to "ondemand".
[[0;32m  OK  [0m] Started LSB: daemon to balance interrupts for SMP systems.
         Starting Terminate Plymouth Boot Screen...
[   43.993048] cloud-init[1124]:   en_US.UTF-8... done
         Starting Hold until boot process finishes up...
[   44.045836] cloud-init[1124]: Generation complete.
[[0;32m  OK  [0m] Started LSB: VirtualBox Linux Additions.
[[0;32m  OK  [0m] Started LSB: automatic crash report generation.
[[0;32m  OK  [0m] Started Terminate Plymouth Boot Screen.
[[0;32m  OK  [0m] Started Hold until boot process finishes up.
[[0;32m  OK  [0m] Started Serial Getty on ttyS0.
         Starting Set console scheme...
[[0;32m  OK  [0m] Started Getty on tty1.
[[0;32m  OK  [0m] Reached target Login Prompts.
[[0;32m  OK  [0m] Started Set console scheme.
[[0;32m  OK  [0m] Stopped OpenBSD Secure Shell server.
         Starting OpenBSD Secure Shell server...
[[0;32m  OK  [0m] Started OpenBSD Secure Shell server.
[[0;32m  OK  [0m] Created slice User Slice of ubuntu.
[   44.671228] cloud-init[1124]: Cloud-init v. 0.7.9 running 'modules:config' at Sun, 16 Apr 2017 14:46:48 +0000. Up 43.08 seconds.
         Starting User Manager for UID 1000...
[[0;32m  OK  [0m] Started User Manager for UID 1000.
[[0;32m  OK  [0m] Started Apply the settings specified in cloud-config.
[[0;32m  OK  [0m] Started Session 1 of user ubuntu.
[[0;32m  OK  [0m] Started Session 2 of user ubuntu.
[[0;32m  OK  [0m] Started Pollinate to seed the pseudo random number generator.
[[0;32m  OK  [0m] Reached target Multi-User System.
[[0;32m  OK  [0m] Reached target Graphical Interface.
         Starting Execute cloud user/final scripts...
         Starting Update UTMP about System Runlevel Changes...
[[0;32m  OK  [0m] Started Update UTMP about System Runlevel Changes.
         Starting Hostname Service...
[[0;32m  OK  [0m] Started Hostname Service.
ci-info: +++++Authorized keys from /home/ubuntu/.ssh/authorized_keys for user ubuntu++++++
ci-info: +---------+-------------------------------------------------+---------+---------+
ci-info: | Keytype |                Fingerprint (md5)                | Options | Comment |
ci-info: +---------+-------------------------------------------------+---------+---------+
ci-info: | ssh-rsa | 50:df:c1:7f:fb:a2:16:74:4d:c6:f7:e4:0b:8d:58:47 |    -    | vagrant |
ci-info: +---------+-------------------------------------------------+---------+---------+
<14>Apr 16 14:46:53 ec2: 
<14>Apr 16 14:46:53 ec2: #############################################################
<14>Apr 16 14:46:53 ec2: -----BEGIN SSH HOST KEY FINGERPRINTS-----
<14>Apr 16 14:46:53 ec2: 1024 SHA256:NiNoEXHQBLz2fZPLmFjnAwBS9rstZDhhik/IZ/kNli8 root@ubuntu-xenial (DSA)
<14>Apr 16 14:46:53 ec2: 256 SHA256:MjNLepmjzhP6+9NtH1oNMaopa6dKNr6iuV8dvDLOnag root@ubuntu-xenial (ECDSA)
<14>Apr 16 14:46:53 ec2: 256 SHA256:yu78FWAN2WkPVnLgslQWD2AP389BaKU7jXSd+OLUJfk root@ubuntu-xenial (ED25519)
<14>Apr 16 14:46:53 ec2: 2048 SHA256:BGE1r/WuE2kIom7NYUYo3kwDCitvg8xYd1taLwTr/Jw root@ubuntu-xenial (RSA)
<14>Apr 16 14:46:53 ec2: -----END SSH HOST KEY FINGERPRINTS-----
<14>Apr 16 14:46:53 ec2: #############################################################
-----BEGIN SSH HOST KEY KEYS-----
ecdsa-sha2-nistp256 AAAAE2VjZHNhLXNoYTItbmlzdHAyNTYAAAAIbmlzdHAyNTYAAABBBAFKujXrR4Qz+SebYoNMxosYpMaNB3bq99AvPHS/cz2+q+8TV8u356lTCcnQriwvv6rhU/uQ9fCI2yhupoMUnfw= root@ubuntu-xenial
ssh-ed25519 AAAAC3NzaC1lZDI1NTE5AAAAIKfj5moY+vtmq2DlCZuqw+Crn3E1MQ6MpWBIF3N1br8L root@ubuntu-xenial
ssh-rsa AAAAB3NzaC1yc2EAAAADAQABAAABAQDDCu/3L3m0ng7UrGg5z2RvqgNib5/SpenjVtk37lvA1e8JSKD3ccEPALuPJQ/S023Uytos32f06AwP5q/RBM4J7RIJWf89lZlanT/rdJif8i9I4wWjpfhAs+suc6vEHy9jmQxN71VujO58g4+3+rHNvbvC5dug0yQAV2j5SnSY2QyX4166BW2gexM6o77THzhdBiNLKzeTGYEkYSJNJhAx2V3raaCOvfZjH0vu2aYu5n7br/O3OsRK2UBxKUZ7C5YfswFTj+GHmFyR8MNcmlAsEBl1OXzKQQcVsUUgC8xi/5ia9RF/neEZF0XpG+3OYyPyRPxiSIt+Q9nP1XzS21TX root@ubuntu-xe         Stopping [[0;32m  OK  [0m] Unmounted /var/lib/lxcfs.
[[0;32m  OK  [0m] Stopped Snappy daemon.
[[0;32m  OK  [0m] Stopped Deferred execution scheduler.
[[0;32m  OK  [0m] Stopped Regular background program processing daemon.
[[0;32m  OK  [0m] Stopped System Logging Service.
[[0;32m  OK  [0m] Stopped ACPI event daemon.
[[0;32m  OK  [0m] Stopped Accounts Service.
[[0;32m  OK  [0m] Stopped Authenticate and Authorize Users to Run Privileged Tasks.
[[0;32m  OK  [0m] Stopped OpenBSD Secure Shell server.
[[0;32m  OK  [0m] Stopped Serial Getty on ttyS0.
[[0;32m  OK  [0m] Stopped Getty on tty1.
[[0;32m  OK  [0m] Stopped User Manager for UID 1000.
[[0;32m  OK  [0m] Stopped D-Bus System Message Bus.
[[0;32m  OK  [0m] Stopped Session 5 of user ubuntu.
[[0;32m  OK  [0m] Stopped FUSE filesystem for LXC.
[[0;32m  OK  [0m] Stopped LXD - container startup/shutdown.
[[0;32m  OK  [0m] Stopped LSB: Set the CPU Frequency Scaling governor to "ondemand".
[[0;32m  OK  [0m] Stopped LSB: daemon to balance interrupts for SMP systems.
[[0;32m  OK  [0m] Stopped LSB: VirtualBox Linux Additions.
[[0;32m  OK  [0m] Stopped LSB: automatic crash report generation.
[[0;32m  OK  [0m] Stopped LSB: MD monitoring daemon.
[[0;32m  OK  [0m] Stopped LSB: Record successful boot for GRUB.
[[0;32m  OK  [0m] Removed slice User Slice of ubuntu.
         Stopping Login Service...
[[0;32m  OK  [0m] Removed slice system-getty.slice.
[[0;32m  OK  [0m] Removed slice system-serial\x2dgetty.slice.
[[0;32m  OK  [0m] Stopped /etc/rc.local Compatibility.
         Stopping Permit User Sessions...
[[0;32m  OK  [0m] Stopped Login Service.
[[0;32m  OK  [0m] Stopped Permit User Sessions.
[[0;32m  OK  [0m] Stopped target User and Group Name Lookups.
[[0;32m  OK  [0m] Stopped LSB: Cassandra cluster manager.
[[0;32m  OK  [0m] Stopped target System Time Synchronized.
[[0;32m  OK  [0m] Stopped target Remote File Systems.
[[0;32m  OK  [0m] Stopped target Remote File Systems (Pre).
         Stopping Login to default iSCSI targets...
[[0;32m  OK  [0m] Stopped target Basic System.
[[0;32m  OK  [0m] Stopped target Sockets.
[[0;32m  OK  [0m] Closed Socket activation for snappy daemon.
[[0;32m  OK  [0m] Closed UUID daemon activation socket.
[[0;32m  OK  [0m] Closed Syslog Socket.
[[0;32m  OK  [0m] Closed LXD - unix socket.
[[0;32m  OK  [0m] Closed ACPID Listen Socket.
[[0;32m  OK  [0m] Closed D-Bus System Message Bus Socket.
[[0;32m  OK  [0m] Stopped target Paths.
[[0;32m  OK  [0m] Stopped Trigger resolvconf update for networkd DNS.
[[0;32m  OK  [0m] Stopped Forward Password Requests to Wall Directory Watch.
[[0;32m  OK  [0m] Stopped ACPI Events Check.
[[0;32m  OK  [0m] Stopped Dispatch Password Requests to Console Directory Watch.
[[0;32m  OK  [0m] Stopped target Slices.
[[0;32m  OK  [0m] Removed slice User and Session Slice.
[[0;32m  OK  [0m] Stopped target System Initialization.
[[0;32m  OK  [0m] Stopped target Swap.
[[0;32m  OK  [0m] Stopped target Encrypted Volumes.
[[0;32m  OK  [0m] Stopped Commit a transient machine-id on disk.
         Stopping Load/Save Random Seed...
[[0;32m  OK  [0m] Stopped Create Volatile Files and Directories.
[[0;32m  OK  [0m] Stopped Load/Save Random Seed.
[[0;32m  OK  [0m] Stopped Login to default iSCSI targets.
         Stopping iSCSI initiator daemon (iscsid)...
[[0;32m  OK  [0m] Stopped iSCSI initiator daemon (iscsid).
[[0;32m  OK  [0m] Stopped target Network is Online.
[[0;32m  OK  [0m] Stopped target Network.
[[0;32m  OK  [0m] Stopped Initial cloud-init job (metadata service crawler).
         Stopping Raise network interfaces...
[[0;32m  OK  [0m] Stopped Raise network interfaces.
[[0;32m  OK  [0m] Stopped target Network (Pre).
[[0;32m  OK  [0m] Stopped Initial cloud-init job (pre-networking).
[[0;32m  OK  [0m] Stopped Apply Kernel Variables.
[[0;32m  OK  [0m] Stopped target Local File Systems.
         Starting Unattended Upgrades Shutdown...
         Unmounting /run/user/1000...
         Unmounting /vagrant...
[[0;32m  OK  [0m] Stopped Load Kernel Modules.
[[0;32m  OK  [0m] Started Unattended Upgrades Shutdown.
[[0;32m  OK  [0m] Unmounted /run/user/1000.
[[0;32m  OK  [0m] Unmounted /vagrant.
[[0;32m  OK  [0m] Reached target Unmount All Filesystems.
[[0;32m  OK  [0m] Stopped target Local File Systems (Pre).
         Stopping Monitoring of LVM2 mirrors... dmeventd or progress polling...
[[0;32m  OK  [0m] Stopped Create Static Device Nodes in /dev.
[[0;32m  OK  [0m] Stopped Remount Root and Kernel File Systems.
[[0;32m  OK  [0m] Reached target Shutdown.
[ 5317.823881] reboot: Power down
e Nodes in /dev.
[[0;32m  OK  [0m] Stopped Remount Root and Kernel File Systems.
[[0;32m  OK  [0m] Reached target Shutdown.
[ 5215.646897] reboot: Power down
ded Upgrades Shutdown...
         Unmounting /run/user/1000...
[[0;32m  OK  [0m] Unmounted /vagrant.
[[0;32m  OK  [0m] Started Unattended Upgrades Shutdown.
[[0;32m  OK  [0m] Unmounted /run/user/1000.
[[0;32m  OK  [0m] Reached target Unmount All Filesystems.
[[0;32m  OK  [0m] Stopped target Local File Systems (Pre).
         Stopping Monitoring of LVM2 mirrors... dmeventd or progress polling...
[[0;32m  OK  [0m] Stopped Create Static Device Nodes in /dev.
[[0;32m  OK  [0m] Stopped Remount Root and Kernel File Systems.
[[0;32m  OK  [0m] Reached target Shutdown.
[ 5119.040028] reboot: Power down
unted /vagrant.
[[0;32m  OK  [0m] Unmounted /run/user/1000.
[[0;32m  OK  [0m] Reached target Unmount All Filesystems.
[[0;32m  OK  [0m] Stopped target Local File Systems (Pre).
         Stopping Monitoring of LVM2 mirrors... dmeventd or progress polling...
[[0;32m  OK  [0m] Stopped Remount Root and Kernel File Systems.
[[0;32m  OK  [0m] Stopped Create Static Device Nodes in /dev.
[[0;32m  OK  [0m] Reached target Shutdown.
[ 5025.026052] reboot: Power down
